<?xml version="1.0" encoding="UTF-8"?>
<testng-results ignored="0" total="1" passed="1" failed="0" skipped="0">
  <reporter-output>
  </reporter-output>
  <suite started-at="2024-10-14T18:33:12 IST" name="Default suite" finished-at="2024-10-14T18:33:13 IST" duration-ms="520">
    <groups>
    </groups>
    <test started-at="2024-10-14T18:33:12 IST" name="Default test" finished-at="2024-10-14T18:33:13 IST" duration-ms="520">
      <class name="Revise.ExcelOperations">
        <test-method signature="setCellDataTest()[pri:0, instance:Revise.ExcelOperations@741a8937]" started-at="2024-10-14T18:33:12 IST" name="setCellDataTest" finished-at="2024-10-14T18:33:13 IST" duration-ms="500" status="PASS">
          <reporter-output>
          </reporter-output>
        </test-method> <!-- setCellDataTest -->
      </class> <!-- Revise.ExcelOperations -->
    </test> <!-- Default test -->
  </suite> <!-- Default suite -->
</testng-results>
